[debug] [2026-04-11T08:53:14.034Z] ----------------------------------------------------------------------
[debug] [2026-04-11T08:53:14.037Z] Command:       /home/marcelofilho/.nvm/versions/node/v22.22.0/bin/node /home/marcelofilho/.npm-global/bin/firebase deploy --only hosting
[debug] [2026-04-11T08:53:14.038Z] CLI Version:   13.35.1
[debug] [2026-04-11T08:53:14.038Z] Platform:      linux
[debug] [2026-04-11T08:53:14.038Z] Node Version:  v22.22.0
[debug] [2026-04-11T08:53:14.039Z] Time:          Sat Apr 11 2026 05:53:14 GMT-0300 (Brasilia Standard Time)
[debug] [2026-04-11T08:53:14.039Z] ----------------------------------------------------------------------
[debug] 
[debug] [2026-04-11T08:53:14.310Z] > command requires scopes: ["email","openid","https://www.googleapis.com/auth/cloudplatformprojects.readonly","https://www.googleapis.com/auth/firebase","https://www.googleapis.com/auth/cloud-platform"]
[debug] [2026-04-11T08:53:14.311Z] > authorizing via signed-in user (magoteteu@gmail.com)
[debug] [2026-04-11T08:53:14.311Z] [iam] checking project garimpo-e-musica for permissions ["firebase.projects.get","firebasehosting.sites.update"]
[debug] [2026-04-11T08:53:14.312Z] Checked if tokens are valid: true, expires at: 1775901044711
[debug] [2026-04-11T08:53:14.312Z] Checked if tokens are valid: true, expires at: 1775901044711
[debug] [2026-04-11T08:53:14.313Z] >>> [apiv2][query] POST https://cloudresourcemanager.googleapis.com/v1/projects/garimpo-e-musica:testIamPermissions [none]
[debug] [2026-04-11T08:53:14.313Z] >>> [apiv2][(partial)header] POST https://cloudresourcemanager.googleapis.com/v1/projects/garimpo-e-musica:testIamPermissions x-goog-quota-user=projects/garimpo-e-musica
[debug] [2026-04-11T08:53:14.313Z] >>> [apiv2][body] POST https://cloudresourcemanager.googleapis.com/v1/projects/garimpo-e-musica:testIamPermissions {"permissions":["firebase.projects.get","firebasehosting.sites.update"]}
[debug] [2026-04-11T08:53:15.375Z] <<< [apiv2][status] POST https://cloudresourcemanager.googleapis.com/v1/projects/garimpo-e-musica:testIamPermissions 200
[debug] [2026-04-11T08:53:15.375Z] <<< [apiv2][body] POST https://cloudresourcemanager.googleapis.com/v1/projects/garimpo-e-musica:testIamPermissions {"permissions":["firebase.projects.get","firebasehosting.sites.update"]}
[debug] [2026-04-11T08:53:15.376Z] Checked if tokens are valid: true, expires at: 1775901044711
[debug] [2026-04-11T08:53:15.376Z] Checked if tokens are valid: true, expires at: 1775901044711
[debug] [2026-04-11T08:53:15.377Z] >>> [apiv2][query] GET https://firebase.googleapis.com/v1beta1/projects/garimpo-e-musica [none]
[debug] [2026-04-11T08:53:15.931Z] <<< [apiv2][status] GET https://firebase.googleapis.com/v1beta1/projects/garimpo-e-musica 200
[debug] [2026-04-11T08:53:15.932Z] <<< [apiv2][body] GET https://firebase.googleapis.com/v1beta1/projects/garimpo-e-musica {"projectId":"garimpo-e-musica","projectNumber":"836807102255","displayName":"Garimpo e Musica","name":"projects/garimpo-e-musica","resources":{"hostingSite":"garimpo-e-musica"},"state":"ACTIVE","etag":"1_031841d5-019c-424f-b4f0-88f89c7335a5"}
[debug] [2026-04-11T08:53:17.243Z] Checked if tokens are valid: true, expires at: 1775901044711
[debug] [2026-04-11T08:53:17.243Z] Checked if tokens are valid: true, expires at: 1775901044711
[debug] [2026-04-11T08:53:17.243Z] >>> [apiv2][query] GET https://firebasehosting.googleapis.com/v1beta1/projects/garimpo-e-musica/sites pageToken=&pageSize=10
[debug] [2026-04-11T08:53:18.795Z] <<< [apiv2][status] GET https://firebasehosting.googleapis.com/v1beta1/projects/garimpo-e-musica/sites 200
[debug] [2026-04-11T08:53:18.795Z] <<< [apiv2][body] GET https://firebasehosting.googleapis.com/v1beta1/projects/garimpo-e-musica/sites {"sites":[{"name":"projects/garimpo-e-musica/sites/garimpo-e-musica","defaultUrl":"https://garimpo-e-musica.web.app","type":"DEFAULT_SITE"}]}
[debug] [2026-04-11T08:53:18.796Z] Checked if tokens are valid: true, expires at: 1775901044711
[debug] [2026-04-11T08:53:18.796Z] Checked if tokens are valid: true, expires at: 1775901044711
[debug] [2026-04-11T08:53:18.796Z] >>> [apiv2][query] GET https://firebasehosting.googleapis.com/v1beta1/projects/garimpo-e-musica/sites 
[debug] [2026-04-11T08:53:19.411Z] <<< [apiv2][status] GET https://firebasehosting.googleapis.com/v1beta1/projects/garimpo-e-musica/sites 200
[debug] [2026-04-11T08:53:19.411Z] <<< [apiv2][body] GET https://firebasehosting.googleapis.com/v1beta1/projects/garimpo-e-musica/sites {"sites":[{"name":"projects/garimpo-e-musica/sites/garimpo-e-musica","defaultUrl":"https://garimpo-e-musica.web.app","type":"DEFAULT_SITE"}]}
[debug] [2026-04-11T08:53:19.411Z] Checked if tokens are valid: true, expires at: 1775901044711
[debug] [2026-04-11T08:53:19.411Z] Checked if tokens are valid: true, expires at: 1775901044711
[debug] [2026-04-11T08:53:19.412Z] >>> [apiv2][query] GET https://firebase.googleapis.com/v1beta1/projects/garimpo-e-musica/webApps/-/config [none]
[debug] [2026-04-11T08:53:20.327Z] <<< [apiv2][status] GET https://firebase.googleapis.com/v1beta1/projects/garimpo-e-musica/webApps/-/config 200
[debug] [2026-04-11T08:53:20.327Z] <<< [apiv2][body] GET https://firebase.googleapis.com/v1beta1/projects/garimpo-e-musica/webApps/-/config {"projectId":"garimpo-e-musica","appId":"1:836807102255:web:f296f093fd7b33a5dd9bda","storageBucket":"garimpo-e-musica.firebasestorage.app","apiKey":"AIzaSyADewBOmJvB7oAWbEFWlb1Epwv8TvXsEHc","authDomain":"garimpo-e-musica.firebaseapp.com","messagingSenderId":"836807102255","measurementId":"G-X29KD056P3","projectNumber":"836807102255","version":"2"}
[info] 
   Thank you for trying our early preview of Next.js support on Firebase Hosting.
   During the preview, support is best-effort and breaking changes can be expected. Proceed with caution.
   The integration is known to work with Next.js version 12 - 15.0. You may encounter errors.

   Documentation: https://firebase.google.com/docs/hosting/frameworks/nextjs
   File a bug: https://github.com/firebase/firebase-tools/issues/new?template=bug_report.md
   Submit a feature request: https://github.com/firebase/firebase-tools/issues/new?template=feature_request.md

   We'd love to learn from you. Express your interest in helping us shape the future of Firebase Hosting: https://goo.gle/41enW5X

[debug] [2026-04-11T08:53:24.266Z] Checked if tokens are valid: true, expires at: 1775901044711
[debug] [2026-04-11T08:53:24.267Z] Checked if tokens are valid: true, expires at: 1775901044711
[debug] [2026-04-11T08:53:24.267Z] >>> [apiv2][query] GET https://firebasehosting.googleapis.com/v1beta1/projects/garimpo-e-musica/sites/garimpo-e-musica [none]
[debug] [2026-04-11T08:53:24.753Z] <<< [apiv2][status] GET https://firebasehosting.googleapis.com/v1beta1/projects/garimpo-e-musica/sites/garimpo-e-musica 200
[debug] [2026-04-11T08:53:24.753Z] <<< [apiv2][body] GET https://firebasehosting.googleapis.com/v1beta1/projects/garimpo-e-musica/sites/garimpo-e-musica {"name":"projects/garimpo-e-musica/sites/garimpo-e-musica","defaultUrl":"https://garimpo-e-musica.web.app","type":"DEFAULT_SITE"}
[info] ▲ Next.js 16.2.3 (Turbopack)

[info] - Environments: .env.local


[info]   Creating an optimized production build ...

[info] ✓ Compiled successfully in 13.8s

[info]   Running TypeScript ...

[info] Failed to type check.


[info] Type error: File '/home/marcelofilho/workspace/garimpo-e-musica/garimpo-e-musica/src/app/(public)/carrinho/page.tsx' is not a module.


[info] Next.js build worker exited with code: 1 and signal: null

[debug] [2026-04-11T08:53:47.402Z] Error: ENOENT: no such file or directory, open '/home/marcelofilho/workspace/garimpo-e-musica/garimpo-e-musica/.next/export-marker.json'
[error] 
[error] Error: An unexpected error has occurred.
